2 249 81
3 39 253 30
2 203 25
3 137 93 196
2 96 31
3 80 118 100
2 87 114
2 21 89
2 8 48
3 144 6 215
4 246 3 45 252
3 162 139 186
3 161 239 176
3 75 23 278
3 296 158 67
3 105 121 145
2 54 20
2 148 258
3 220 22 231
2 180 205
3 227 222 287
2 226 265
2 216 138
2 18 42
3 107 207 120
2 134 271
2 95 11
3 273 68 206
3 4 157 152
3 19 140 17
3 127 27 59
2 259 292
3 58 28 71
2 41 10
3 193 32 242
3 72 122 16
3 0 298 175
2 57 83
2 63 219
3 277 268 264
3 7 174 112
3 261 109 106
3 110 170 142
2 188 131
3 276 248 251
3 164 111 123
3 129 217 154
3 85 70 173
3 187 117 256
3 108 244 280
3 294 86 289
4 24 230 177 104
3 125 147 233
3 156 201 194
3 168 40 43
3 88 98 132
4 218 254 182 149
3 53 73 189
3 113 102 229
3 159 235 279
2 245 12
3 286 214 223
4 133 209 199 270
3 225 76 240
3 167 64 181
4 60 14 35 69
3 232 119 183
3 275 283 288
3 166 160 272
3 74 101 153
3 103 237 37
3 260 269 84
3 92 191 155
3 62 236 262
4 99 128 291 9
4 44 284 228 130
3 198 243 52
3 212 66 211
3 267 195 97
3 116 238 208
3 290 50 297
2 213 46
3 15 190 77
3 79 90 126
4 38 61 78 274
4 263 172 5 143
4 91 82 250 94
3 200 197 165
3 56 204 47
4 224 202 115 135
3 184 163 141
3 13 295 1
4 210 146 51 169
4 34 26 266 178
3 285 55 247
3 171 185 2
3 150 124 293
4 136 241 192 151
4 299 29 255 49
3 281 282 257
