2 7432 137
1 978
2 8330 643
2 9585 8553
3 2983 2876 6333
3 3887 1533 97
2 6322 5968
3 9663 7753 7275
2 1940 2486
2 2620 4636
2 2747 943
2 4412 5478
3 3552 3027 1046
1 6753
2 5578 5557
2 4736 7988
3 6158 9533 5124
2 723 5513
3 7050 1316 3315
2 5254 6850
2 4321 7037
2 1936 5969
2 9245 6463
3 5533 2237 8493
2 2177 7068
3 5811 9658 4709
2 8278 1027
2 2677 9418
2 8949 7506
2 5498 8571
3 9865 940 379
2 9515 6340
2 5573 8245
3 798 6387 6597
3 9601 3278 1430
3 1131 8906 8173
2 9693 6484
2 2481 3824
3 5842 1035 6825
2 6911 4301
3 3755 2805 415
2 8047 6222
3 9048 2851 5344
2 7458 767
2 8422 8996
3 807 3163 6762
3 712 5394 4493
3 8340 1842 3566
2 2812 1061
3 7511 2308 4450
2 5886 507
2 9910 494
3 1118 6622 9735
2 6170 3088
3 3774 7501 2056
2 1018 3685
2 4181 4420
3 3957 613 7535
2 1998 7113
2 4337 3709
3 6256 3650 7778
3 1442 320 9138
2 218 3530
2 4373 5780
2 3633 4317
3 8606 4122 636
3 438 194 6173
2 5346 4138
2 7376 6244
3 9642 5658 1422
2 766 952
3 6499 6581 867
3 3926 8031 3116
2 1562 5444
3 9921 4939 6645
2 3861 388
3 1808 693 854
2 995 2430
2 9520 7816
2 4325 2171
2 1610 310
3 4361 624 1676
2 2593 1922
3 9840 5597 4913
2 3827 9737
2 2951 1102
3 1713 8815 2112
2 5059 3740
2 1546 1685
3 6207 6129 3433
3 2454 7630 3232
2 8581 7990
3 486 7650 1949
3 5138 6114 6245
2 8430 9868
3 3246 8239 6293
2 7844 7025
2 7367 7773
3 8929 8935 3778
3 8982 550 7373
3 4500 4772 7380
3 609 9541 5711
3 4763 3145 3325
2 7482 2954
3 9519 5134 9011
2 8394 6238
2 4774 6591
2 4172 2445
3 362 4802 313
2 8240 7809
3 8975 4698 9071
3 2476 8793 7662
2 6348 8111
3 1706 5211 935
2 4793 5377
2 8080 7061
3 9253 680 9613
2 6015 8788
3 4177 8334 2654
3 7410 589 6399
3 6614 6995 2825
2 6320 8253
3 264 5589 7534
3 9750 7680 5920
3 4022 2359 7314
3 9257 684 9289
2 4572 8596
2 3638 6274
3 8568 6509 6647
3 6365 5851 7239
2 2510 4329
3 2759 9160 5158
3 4241 6600 3557
2 2619 7147
2 4052 3225
2 9471 6515
3 8119 5635 6076
3 1108 1670 2649
3 687 2777 5382
2 3337 180
3 8934 9914 9503
3 813 4950 8035
3 229 5171 4205
3 7997 9049 7196
3 3850 5561 2480
3 8357 3178 5914
3 25 2191 6430
3 588 1513 7097
3 5334 8830 318
3 6914 5000 7152
3 8341 8958 8348
2 7854 7122
3 4476 2760 332
3 3111 8857 4830
3 5141 3722 1326
2 9569 2541
3 6616 5140 6536
3 6518 9462 2981
4 6564 8077 8038 1970
3 0 155 1785
2 1821 8605
2 6845 9824
4 4320 8048 8373 6740
3 8297 5909 4863
2 9723 5732
3 4175 4523 5887
2 8679 1626
2 6665 6610
2 5828 3341
3 9999 2630 9744
3 6217 5350 4405
3 5404 5734 9804
2 2502 2346
3 1849 2710 8254
3 8139 6910 3311
3 6259 7528 3086
2 3207 6327
3 3288 4249 9845
4 4823 9489 5437 7020
3 9528 1695 1177
3 8845 852 9385
3 8726 3828 2412
2 5067 5621
2 773 4255
3 7767 3135 2896
3 9451 1682 8546
3 4015 3536 212
2 3903 4469
3 4868 7971 7711
3 4530 1416 4629
2 6441 7075
3 2669 5064 5307
2 3504 1844
2 1088 7909
2 5147 2939
3 71 8326 1186
2 2007 8824
2 1439 4646
3 7127 1140 6884
3 2998 6298 908
2 8730 9636
3 1642 8819 1959
3 9986 5975 9090
4 2463 5864 1721 3430
3 5776 8473 7453
3 89 1016 8029
2 4465 1555
2 6834 3230
3 3705 8661 4065
3 2298 6090 8073
2 2448 9249
3 1427 9436 3833
3 8722 4559 4084
2 3870 2866
2 6072 7433
3 4604 6197 9463
3 2214 9740 457
2 4417 6744
3 1356 2977 864
2 7678 6965
4 7899 129 5910 8189
3 8913 7940 3104
3 7703 5317 1143
2 3515 6686
3 1426 8599 2523
3 3367 5679 5343
3 6520 905 1067
3 5883 7972 9313
4 3702 6540 881 4475
4 7947 9403 3439 622
3 1021 350 5954
3 1893 6583 726
3 7218 5705 1246
4 5997 262 3507 4058
3 1751 688 9109
2 8402 9019
4 1481 9862 5764 789
2 7522 2288
3 6 7760 9920
2 8356 7581
3 4492 9754 2074
2 6894 1000
4 4936 1286 8780 2589
3 8948 7483 5295
2 3890 2528
4 8251 6801 6907 7379
3 5255 576 6200
4 7146 6560 1947 8520
3 4727 5072 23
3 1285 4043 1146
4 9600 7635 7438 7929
2 251 3560
3 5570 9929 9186
4 5802 4925 524 9985
3 9258 9880 4838
2 7655 4528
2 7835 492
3 3964 1037 3334
4 18 6692 9836 3030
4 6889 7599 9702 1560
2 1284 8719
3 4390 408 6208
3 1545 7150 1040
3 7771 9686 2751
4 7519 6495 5008 8102
3 3388 1956 1776
3 3091 7015 3655
4 6477 1882 5593 4078
3 3620 4810 4588
3 884 3635 2717
4 432 3689 81 7891
2 7632 549
2 7600 6190
3 9301 600 872
2 3491 233
3 2172 5919 1421
3 4811 2693 1529
2 1615 2758
3 605 9021 9579
3 5985 7679 7119
3 8999 3277 4520
3 5348 3389 7684
3 9966 5479 1319
4 6382 1789 8809 1113
2 6960 4006
3 4005 9848 1206
2 1087 5226
4 3733 9732 4744 9563
2 240 9346
3 5281 3751 3008
3 7784 3767 8290
2 8230 5071
3 1763 7609 4836
3 5813 7924 5562
2 3810 1339
2 3252 4941
3 4191 4470 5371
2 9608 4471
2 1385 2887
3 9530 4819 1194
2 3516 1159
2 1022 7613
3 8762 9372 9763
2 820 5858
3 4580 819 3193
2 879 6517
2 4949 3729
3 1009 7330 1023
2 31 6527
3 2300 174 7561
3 8632 6226 5553
3 641 230 5245
2 7059 7206
3 9609 9687 4048
4 8886 4898 5021 2944
3 8000 39 6541
3 7713 7497 8968
2 1344 1002
3 8319 1709 9349
2 9760 8563
4 9509 7153 5169 8950
2 6018 4070
2 4483 7284
3 2678 742 1381
3 5164 9055 1376
2 7621 9044
3 5821 4068 3362
3 440 5979 7347
2 4438 9287
3 5669 9229 9252
3 5891 3986 4352
3 8276 5168 7464
4 4573 3330 3694 3291
4 9621 594 9897 6745
3 6127 7782 8303
2 4557 873
3 6060 1289 3760
4 4127 2269 7176 4717
3 389 8620 3614
3 3324 5556 7444
2 4818 6879
3 5197 894 3381
3 2615 581 9251
2 8727 1973
2 923 9377
4 3320 8881 2343 7779
3 3272 8244 2212
4 7658 3508 454 9449
3 3297 3292 8192
2 9360 9483
3 3298 2125 3936
3 2411 3438 4411
4 6362 6124 1433 1208
2 5742 5441
3 8994 1459 7108
3 7601 3161 9925
3 5604 1666 1855
3 9076 9474 8306
3 5646 9231 364
3 5296 7383 1803
3 4275 1411 368
4 7815 9748 5426 1778
3 7056 4419 6544
4 1586 8200 8028 4644
2 1114 1817
3 6143 8667 7355
4 3265 5950 6904 499
4 7280 8946 5782 7109
3 6988 285 8071
2 8397 4796
4 3742 4100 3669 1563
3 258 6855 2053
3 948 7707 9954
3 8490 4135 5903
3 437 2882 4011
4 8070 3061 799 1105
3 8718 5639 4027
3 1478 9072 1880
3 3809 5391 2660
2 9359 5091
2 1190 476
3 6644 8099 8088
3 3020 1229 2591
3 1216 7362 3696
4 7930 6548 6480 3578
3 8215 1736 3539
3 5325 1428 5982
3 1015 9810 1399
3 831 6397 7110
3 2709 9817 7575
3 3312 2099 6377
3 1652 776 306
3 1400 9548 4887
3 3028 6319 5480
2 9803 2573
4 6514 2582 249 3358
3 8433 384 3202
3 835 584 2736
3 2265 2556 1135
3 6521 8895 7948
