27 7914 4469 1060 9506 1465 949 4307 5556 252 2689 472 2509 8813 8446 3446 4317 8129 8702 7510 9783 6987 7017 3655 978 2834 2273 7775
28 4616 5241 4660 1059 294 1055 7467 1777 4641 7847 2050 9057 4179 5840 1963 3674 1511 4054 8155 2702 8930 5888 7687 4039 9025 1543 9474 7322
26 4466 352 7695 2244 9120 2394 572 3934 9733 8309 161 8350 2818 2944 2739 2949 3891 9597 5563 8173 6254 7998 6833 8596 1136 5284
30 9168 1038 5653 2876 8282 1776 7149 3151 2499 1897 5045 3603 1524 5974 6129 568 6545 9011 1537 8259 3089 1561 7736 6455 9193 4108 7730 2105 951 9768
28 6430 688 9257 34 6748 2201 3332 5323 1932 8848 1307 3362 7753 8939 2082 1451 1535 2708 1346 7143 3967 1384 9468 6619 509 9991 4345 5269
28 7828 7175 910 5127 3291 1612 9485 9437 9658 576 5793 521 3310 8038 7363 4488 4549 1848 2173 4842 6685 6934 757 2160 1878 3014 7553 98
29 5832 1846 9131 9073 4165 6794 3335 9583 2403 6606 3058 1069 7237 1761 7831 4072 6492 2231 9717 7141 6682 9102 3689 9950 6797 8164 3421 1533 849
26 9988 8339 3575 968 3009 9462 7910 674 7468 7942 1444 7404 3065 4277 6607 2047 9626 3666 4333 3200 7128 4961 6153 3653 824 8351
30 9191 3265 7031 702 1675 3139 2701 8201 6212 9457 4446 5068 5420 1933 3622 7112 1358 5943 7626 440 5853 1649 6004 9373 8531 3023 6086 8845 9615 1315
25 4801 1660 5967 4802 5181 5542 1009 383 1007 8889 3290 2686 6996 3152 7778 7591 6058 9230 9834 8888 8647 4593 2537 5161 6974
28 4960 9594 2241 4099 9974 2429 6522 1354 6084 7037 1168 1915 4930 2967 7493 5646 9040 3419 9511 3012 5656 1107 6583 4287 2819 9687 1313 447
26 42 552 7894 5400 1588 2710 8572 3427 2415 363 21 4021 4147 8066 9299 7556 9525 4372 454 797 8763 8112 6136 1486 5789 6133
28 3592 553 3659 6445 289 6731 5637 4880 9339 4792 3228 7928 3721 7860 5072 9564 7829 6487 5750 6285 5722 9610 6335 6717 9064 9829 3857 7534
29 45 8561 4671 4259 7394 1926 678 8957 5916 484 5301 323 83 9072 7509 2010 6841 1828 2379 4299 2598 2035 2486 1570 8811 9582 3985 7934 362
30 9321 7760 9038 563 6925 2343 3118 2840 365 9533 9853 4652 3298 2276 7300 3585 2982 4125 4847 1291 967 9493 1110 6273 197 2095 1316 574 6955 511
28 6340 405 1924 9042 2906 5868 8865 760 8812 5425 5429 452 4212 8775 5220 7018 7673 5810 5733 9566 2002 2089 1017 9277 581 990 1473 9827
26 9488 3198 8927 40 1429 3186 7526 5176 7415 1419 7811 6849 5894 1223 4902 8614 744 2941 4806 315 372 5101 5536 3308 4526 5227
28 5262 4060 4507 3373 7715 630 3745 6584 9889 8215 7007 7884 2666 254 2108 4059 2660 4399 9401 1722 7145 2374 4255 20 6881 4832 6142 7049
30 6808 9246 5195 2506 1923 2838 4454 4500 2909 4101 4379 1091 1879 2893 9453 9617 4843 507 7832 9237 122 1324 7140 1005 4631 2093 127 5543 1001 8694
30 7678 159 450 5537 5855 8714 8500 2313 8398 2722 6989 4344 5817 6399 7586 8355 449 7889 4609 8271 9614 5979 2210 4908 5391 4291 3979 4354 6264 6576
28 9822 2381 9366 665 9123 6444 4314 6221 9619 6331 9363 8245 527 4599 2428 367 2714 7999 8571 7780 8612 8664 8287 9977 4608 8750 9444 1596
28 9371 3128 5387 6275 2352 5693 3573 1299 9324 3774 6318 584 3095 8279 2015 2341 4191 2271 7041 6831 9225 4733 2559 7923 2345 9580 2952 7774
29 7851 4066 5245 6935 6961 9515 4587 2154 6389 3711 6097 2522 872 6882 2019 178 604 9098 649 6939 6839 1273 3564 988 267 5120 1209 3197 5361
29 9714 5645 2795 2940 2614 1855 1994 3619 8249 4577 3794 2370 6024 9002 9716 5758 8599 2492 7093 3690 742 6067 5995 3498 3081 3208 7100 3957 7718
27 4661 6021 9743 1590 7323 8615 6016 3272 5084 974 4443 9218 3543 680 2540 4970 3884 6526 9644 1357 723 6139 1580 5549 8070 4585 2497
29 9601 8896 6992 1835 60 6348 5857 7117 8914 987 6472 391 4990 1172 1321 6060 5015 57 1391 3085 3007 3397 6592 7101 5812 4384 4674 4063 470
27 389 3505 6093 3867 9397 208 1487 4394 1167 8642 4898 2412 2495 6735 7035 2872 6930 9103 7168 7255 9206 9945 809 892 5734 282 3143
27 1179 482 1365 3099 2966 4278 6295 1609 7651 1564 2076 5441 3011 7948 6338 1469 5688 6792 6777 3395 1251 217 9181 7505 6932 2306 3334
27 6229 7708 4650 5612 8697 9915 8410 2158 5843 7503 741 2416 4423 337 9876 1887 2690 7357 3394 3270 5452 1997 3237 7970 3816 2786 5065
28 6885 8128 2554 477 9129 6767 930 6686 8840 5749 7400 5290 6176 1401 169 3971 8133 4534 3773 1335 7034 8065 4409 7523 1305 2942 1540 5681
29 2995 2648 8447 288 1398 5990 91 9107 6793 4885 5133 360 301 1618 1044 683 2683 5727 9734 6905 7314 46 9638 1328 1454 5459 6673 3872 5273
29 4523 8085 3878 5965 6284 2664 81 5759 9848 2917 2001 7450 2188 8538 1056 844 5214 1918 3184 7208 6193 6095 8738 5184 6688 4936 3057 3540 5561
30 5455 8364 4751 4824 6113 443 6658 2247 5757 3487 9919 4401 9964 4428 9501 4943 9197 5958 5001 2792 268 7366 9114 9722 1497 9301 3946 4274 1697 5033
29 4077 8183 4503 2169 8074 8701 589 4116 4348 9885 2646 5592 1085 3700 7167 7779 4321 7879 3372 5858 3223 8451 7799 4993 105 9208 5849 6830 2157
28 6845 816 8850 7335 4966 2633 220 3558 5802 7455 9482 7247 4829 9355 8975 6326 7628 6505 2750 2605 8521 1031 1583 8306 2779 9423 3468 9556
28 3425 612 5136 3385 2037 2339 1674 4089 5748 7671 5906 3146 4667 339 7344 4761 6134 8960 4493 7783 9746 8059 8408 6560 8672 9347 7938 7996
28 7426 1752 9992 3643 9836 6278 6779 7896 2281 6329 3850 5064 6976 5024 4090 475 7212 8519 1581 2402 7403 4198 1202 5305 8363 9041 321 6650
30 2446 2996 6931 854 6363 2578 2024 6710 8564 7880 2233 871 9368 5000 3246 8796 3672 5295 3329 763 9843 7092 7224 752 9065 652 7090 467 9152 2007
27 2139 1348 9251 3992 7621 9665 9571 7916 3865 8318 4565 5905 6701 153 2187 2727 1578 4405 4206 3725 6517 1297 4366 4228 8731 6435 6121
27 1566 8607 4170 2140 5148 6746 6703 2334 3780 358 6697 8106 7809 7844 611 1272 6104 7476 4159 433 9603 5286 3998 6533 3652 4353 5392
27 5777 5041 1037 6459 2236 4137 793 1516 7466 4591 5063 4420 9359 1457 9264 3571 7570 9316 4301 7535 9331 312 2990 6867 8228 8132 9784
27 8858 2698 9695 5794 3844 5680 8954 9238 5457 7931 6856 6574 2020 3893 2882 9683 6417 3263 1296 8863 9879 8929 8174 8146 9987 2467 8096
27 9738 3075 8523 8400 5333 6912 6105 8737 9880 1797 5311 1389 5691 7290 2225 5378 7834 9509 4604 3965 4445 3133 823 235 2776 8589 1868
25 5835 1130 1704 8464 3707 7668 308 243 1431 3548 9287 9185 3441 3344 7836 8119 6863 7067 2880 6852 9101 4664 8979 9774 6810
26 3766 4397 5583 3781 4195 408 3997 5862 4520 2474 5259 7114 2060 7564 6079 8269 246 7170 7266 4810 8772 6339 1509 4590 946 7911
27 2805 5030 2864 4214 7519 238 2375 2410 3304 7816 7267 9769 1458 5652 3043 5672 7262 672 5321 1979 7389 1277 3727 6203 2041 3901 6173
28 3236 5130 6635 4896 8751 1969 7349 2797 2601 9178 991 3817 8844 6143 1856 3211 388 4406 842 2726 5111 8136 3154 6761 8484 8317 4923 4875
30 5062 4501 8399 6482 3953 6504 4567 8679 7405 5434 3813 3863 8832 2148 3879 1461 815 1616 4645 3088 8947 6383 4041 3627 6751 1957 1981 3796 3758 2668
29 7148 7337 5903 4006 8445 5525 5682 3741 6419 4193 4292 4440 5830 9490 1145 5519 5662 3068 7578 631 7685 7686 1658 7498 889 4913 4998 1503 7460
28 1472 7545 8134 598 9520 6280 4795 8873 9781 2835 4728 8552 2877 8963 3026 8860 9021 4752 9944 6372 364 1782 7490 8606 8749 2329 6271 977
29 3922 8835 6959 9522 1442 5416 9165 7891 9240 8588 6364 4544 5766 7549 7557 3525 2245 3602 4404 7495 5891 2222 5250 2302 5294 3196 4947 8574 7555
28 3256 6154 1670 9019 4622 1133 6437 9084 465 4293 7443 2551 2869 4750 4740 8023 9867 6875 8403 1569 767 3521 3688 4984 2828 5712 1522 7187
28 2038 6227 7235 4944 5895 6421 4221 9491 6630 7536 6310 3094 58 1171 3616 6376 756 1286 8822 1987 6342 3995 6324 6327 4592 3038 8114 722
29 1141 4049 4390 2524 1278 4152 9825 7513 2310 841 8477 9976 3606 3174 1972 729 7587 982 6146 884 5841 2662 3357 6642 8075 5009 5805 2915 3444
31 8424 2713 314 1113 2350 8237 7974 5619 2762 3904 6944 2132 5322 3892 6693 2033 1774 2300 514 5205 4595 2871 6107 7182 2856 3424 3588 7106 1385 3072 1268
28 6392 7642 7946 1751 3350 9268 5714 7988 7316 9499 5514 7906 6098 4098 4637 9507 8720 7003 9758 3475 2543 1843 5873 3948 5527 9030 4793 7568
30 9141 3991 8513 1100 8699 1390 6242 2468 2242 9808 2892 1104 8159 116 799 8436 8475 1713 6884 325 1684 3414 3792 5576 50 2282 9557 8218 2291 5418
28 5959 6897 3471 2769 5585 2569 7359 1839 290 7409 5964 4515 1147 213 4434 2740 6124 3880 7582 1008 890 712 2383 4381 240 556 6561 8670
28 8044 1247 8481 2756 7769 4887 3479 9936 5406 5976 4833 9862 9043 512 802 6617 923 3945 7507 410 6723 7480 5408 1626 3734 5948 3472 7690
29 1999 9360 4701 5476 8327 2147 5022 8365 4083 7401 2763 8294 7589 2632 3747 318 6170 1763 1366 8379 5288 6568 5743 9550 8690 4407 9679 4461 3059
29 9543 4830 1364 1192 3306 2555 3238 8257 8673 8458 5028 4684 1589 3981 4120 4340 9169 3253 1619 6529 458 2476 9450 4450 9788 5548 1369 5021 9770
27 1434 7613 8297 3866 919 7361 1302 8700 2654 1688 3273 2720 6684 639 4421 3499 2425 9156 8674 7945 6855 5155 7618 8077 451 2561 2254
31 6042 2414 9589 7475 9378 5829 9777 4903 9235 5739 4889 1852 5350 997 403 3629 3828 4471 6380 8773 4070 6394 9656 3206 2284 6631 6943 439 2487 5953 7947
29 3155 3827 4122 3914 4926 2036 6341 1904 4589 5355 4163 8214 8857 2465 1621 3271 9823 8757 8429 9199 4022 4024 614 3559 1790 3909 5926 3645 9343
28 5465 1573 8080 3322 1053 4181 2637 1194 1427 8089 2923 9228 1929 918 5202 5622 6353 9534 6307 4142 5961 6926 6289 7154 9710 2848 5635 1864
29 5500 6543 3972 5751 3954 7485 8754 662 8349 1477 1643 7345 4612 6749 8362 5594 4310 3327 6527 1400 7971 8275 6239 4721 8567 9805 3207 936 6088
26 2234 8394 6231 1241 5229 2096 2674 2961 9442 5035 7672 9249 5219 3983 4845 8534 4202 6247 8785 6467 3542 2964 6490 8959 5897 4690
28 660 1512 687 7191 3623 795 5499 1440 4465 2039 3336 868 6773 777 4157 4280 8139 180 4911 2192 3787 5011 8836 9865 6360 145 6269 3554
26 2922 436 6623 3518 4784 6027 4377 6553 8206 4720 8665 5993 7276 9283 9893 5899 4133 7599 5363 4342 7287 1815 573 9422 7004 6596
29 8103 750 5492 3044 2051 4636 3443 1368 1882 9231 5023 715 6927 7596 5600 4417 9390 3250 5485 9487 1563 748 3613 5300 6141 1765 7435 2850 8314
31 1769 6956 1424 8969 5115 4529 9115 8726 4273 1657 9798 5879 886 3955 5890 6811 2903 8148 9757 193 5174 9528 3714 2831 9605 5599 1995 7411 4026 2059 4014
29 5876 2156 1425 7421 5109 6000 682 2433 8993 6847 7473 5983 5249 8435 9010 1249 4080 5447 6400 1058 6458 1208 5932 3438 3687 7521 5280 2968 4605
31 327 8698 3503 4327 6410 2166 813 8970 5850 2322 9854 7291 2760 9993 5137 387 143 6696 5076 7248 7410 7083 3738 5089 5753 9377 1728 5466 1464 7965 537
27 1134 4303 8934 2469 9428 2622 2232 219 5904 3055 9466 3974 5330 6156 4814 9998 9083 5283 8101 3309 5776 1337 7125 6358 9767 7593 7886
28 9351 2550 1734 7982 5263 2168 706 132 7054 1707 3802 8013 5963 3795 4578 1453 1383 1495 3371 4441 6019 9176 8393 8197 4840 2999 5257 2155
27 5482 7639 528 5247 9817 4009 8176 250 4117 7105 1694 636 5761 2970 4756 7733 444 2344 4770 2361 1018 7360 2962 749 8895 2371 9354
28 8453 4581 9635 7698 1560 8693 9909 6369 4575 2552 1899 8536 1262 4011 1137 1927 3552 1845 6140 6605 3523 9036 8818 1347 6308 1071 2431 6625
26 5919 3968 5984 6871 9751 6657 541 420 2061 332 54 2705 3010 2671 2757 3204 1623 3255 9341 3823 6602 5946 5196 5507 4897 4747
28 7674 862 6879 1822 5258 8663 1093 1917 8723 3229 1754 8605 7025 9256 1726 6521 4492 4541 2164 9901 3097 9048 4242 441 1181 8011 3008 4037
29 6812 7574 3027 460 8204 9678 6411 7872 9415 468 3608 3515 8752 5962 7924 2327 9653 8199 279 5788 7293 4000 8433 6077 8637 7930 6161 825 1637
30 2440 4796 6888 4279 1210 163 1593 5639 1810 1219 2078 9793 9655 3390 2845 3370 5081 985 5060 8608 5267 2628 3691 4362 5575 4884 4995 5650 3279 1993
27 6570 5837 2335 4957 9484 5224 6036 8251 4363 3925 7531 6993 805 2342 3886 7437 2929 1426 4778 945 9449 2597 2638 1947 9535 950 6537
27 3709 1312 6970 6620 1515 7061 8001 6535 6412 3431 8769 6951 9160 557 6365 4232 4557 4706 6964 4725 725 8739 1877 7858 3173 4256 3570
27 8544 9136 5886 3698 2252 9980 2138 6616 4745 1679 2802 644 8855 877 8787 633 2181 3162 3142 6118 8428 7977 1470 3959 6094 6149 9204
30 4764 3856 8356 8950 1890 504 7944 9350 4545 5838 3565 2924 1163 2859 4603 3477 2581 379 904 241 9518 8856 4029 4075 9508 5515 1798 5780 3970 3642
26 5552 5233 6245 9459 2963 2815 9963 2770 4134 9994 1883 3791 3563 9370 3502 585 4934 8310 6827 9028 1617 6917 2376 9633 4561 5029
28 78 2496 7358 8547 5460 9097 8050 8478 739 1849 9575 7941 8345 8137 6837 6403 3432 8113 6525 668 9649 8716 1900 1834 4437 7850 2809 3634
32 3249 1468 3640 2141 2768 9537 2608 7296 8235 4031 6531 3986 5818 7990 9118 7088 3437 3567 5567 247 5034 2742 136 9086 9691 1974 3219 4646 2094 4954 1739 6730
27 1386 3482 9891 2479 167 33 9986 74 1020 594 8284 5417 4617 3896 1536 6758 3125 4086 5697 2861 269 1857 7601 6532 7214 7123 8180
29 2452 6001 2365 1862 9669 1441 5925 8741 261 8628 1182 1695 9250 7623 1070 2631 2485 650 4389 7634 5892 1646 8169 3352 7396 1115 624 341 2494
28 4119 4759 6729 4808 3919 8530 2801 4550 7046 4822 9332 2539 1962 5093 9877 8843 6476 72 1992 8280 8951 4265 2063 6356 9579 3664 3829 5638
28 9215 2297 8903 5349 9190 8711 4282 3604 1767 5523 392 2590 3131 1650 1642 831 9232 9409 4094 6127 657 2621 9972 1633 6828 1967 5002 3952
28 4935 8386 4318 1554 4175 970 1944 6230 8603 3545 1228 292 5118 4511 3646 9196 2658 5493 7079 5572 2172 7530 783 5091 651 3663 1345 7907
28 2600 9791 2916 9735 4192 9831 3079 7356 6162 8211 8122 7355 1948 382 9681 4129 2411 2700 3973 2958 5172 7905 8323 9069 486 378 7474 2134
29 2851 8404 9942 1909 3763 9772 9874 5478 3182 7163 8638 1074 6224 4689 8686 7973 4167 6530 1654 3056 2723 9521 1478 4463 1869 1576 8409 7997 5204
31 7138 5703 1035 7979 9224 1080 3851 3225 771 4938 5490 7036 6707 5352 6298 8650 6100 9050 7365 1640 5636 4491 2347 5735 5765 6887 2104 8241 2523 4422 9873
29 9014 9498 915 9304 1644 9590 2258 5218 6562 9451 8238 8988 1493 8989 8886 533 4477 9830 9776 7732 7716 9541 3221 2987 455 3940 8060 4556 1099
27 9392 773 8143 9352 1178 5945 147 8790 3195 2624 1680 5412 6386 9455 7199 1606 2663 2045 5099 1528 3861 4270 4459 9045 1079 8583 2296
27 4891 8502 9957 446 1809 1197 7679 7412 4566 5439 4334 2647 8591 5909 4312 5394 6050 7943 9801 3964 6070 7892 4979 1786 7050 788 6179
25 3153 3460 747 7109 9273 3283 9302 7227 1127 9818 1799 2316 7005 245 8370 1789 2988 4972 5663 7465 1841 5386 1655 9866 3555
28 4078 2765 7380 1325 6005 2912 1243 141 4736 6263 1349 560 8144 709 1406 8882 2219 7273 481 6788 9271 3338 7895 2991 2498 6573 6842 3107
32 3511 5771 49 7699 3610 9407 8111 4692 1802 925 8258 642 8337 4601 8925 2704 5956 3418 716 8495 3776 1379 8705 3736 6805 9569 9523 8554 5110 6901 9438 4625
28 9475 5524 3681 4803 9899 8937 9565 5878 8655 2068 8859 8231 7696 4332 6924 8587 8444 7640 6700 8430 4209 2612 7524 7281 415 575 7319 7063
28 5634 8432 5815 8540 3557 221 5079 6538 4562 2243 7009 9081 9177 5346 3939 7912 2333 8304 7241 1026 8557 3165 932 9886 9134 4827 870 8816
28 8141 3384 1330 4455 5251 7607 4969 5512 8004 4204 9857 1003 8509 3609 3073 6204 2899 759 495 1200 5992 3947 7714 3859 9563 4352 1991 5988
30 6197 94 8983 3630 2384 6815 6566 9395 2289 1083 1749 1166 3241 4743 1142 4373 8529 3013 4654 1806 4464 7444 506 186 1061 7518 6028 2829 6732 9932
26 526 7566 1491 5377 8193 3346 7441 5911 3166 3494 1436 3584 8814 7882 6432 5287 5554 9532 1077 7452 7139 3493 1943 2907 5365 496
25 3448 3782 7384 9416 3845 7086 9745 8262 2009 7767 7645 2017 1467 6006 7271 1886 2087 7624 5362 8030 4155 1254 7788 7631 7153
31 6933 1925 5941 5153 1152 9937 8368 1414 9439 9310 1098 1872 1000 2935 3284 4081 7298 700 2432 226 5986 4991 3900 6243 8508 298 7602 6447 6404 4767 2436
28 3145 1415 416 2459 7416 3671 4703 6274 2274 893 9127 2948 8507 6253 6450 7126 9630 7129 1903 4846 3140 2934 9661 6011 396 6821 265 9604
28 934 1568 9166 4717 5226 4001 8609 800 5071 2030 9780 5347 9068 6414 5737 299 8116 244 9171 8069 6290 5225 5402 7617 4735 1891 6390 4915
31 2734 5325 9591 5472 4480 8439 397 3297 7927 7993 3532 5547 7387 9750 239 9824 7233 5695 4438 7848 6775 5444 853 1343 1982 9348 6076 3649 6397 6737 6017
30 4467 3562 9037 3264 8471 1165 8093 4472 190 9436 8131 9593 3121 9414 3054 5356 999 3293 6232 3342 4245 9013 876 5719 9082 6013 8893 4699 283 8753
30 6599 8644 5756 8592 2 3391 1604 3114 7675 8441 7597 6914 7282 9833 9694 2981 2315 6494 4187 8208 6219 8405 1529 1718 8515 891 9113 3840 2249 233
26 1717 8121 276 3268 2353 3836 1344 1895 2955 7091 67 5874 1188 9729 183 1403 5131 9701 2688 7913 7600 4531 1263 2444 3048 9307
28 3190 9727 2000 9632 3050 1283 4673 2679 3130 8760 7423 6178 8390 3894 2372 4027 1 3824 2997 104 9574 2669 4319 8527 2627 2911 3202 6806
27 8786 9850 5031 4442 7180 4627 7028 4385 5502 1189 4168 4582 832 1552 9400 2312 5003 9726 535 3969 8467 5316 4222 7463 3607 1106 7134
27 5057 3025 8740 5632 5860 5201 8488 3905 4542 7131 3631 1459 2165 5581 2508 7737 1240 8331 3365 6886 7339 7857 442 8100 8771 6587 3876
31 9180 9446 7787 5545 9606 9150 4639 2918 4356 3156 1259 9842 3191 2878 8384 4288 3096 2475 2593 5651 7333 9088 8809 9472 6541 8747 9934 7261 3719 836 9941
29 1466 8299 6785 544 7020 5999 8250 1677 2744 1485 7784 5578 4456 3368 6741 1496 2445 354 2319 3245 3999 3497 7567 6040 1812 5430 8918 9330 6413
29 4974 3361 6416 9175 8162 6292 9955 8911 8322 1039 6138 9092 5080 125 210 5095 5648 1502 4618 3915 4675 520 6771 8838 6499 2510 3138 5551 531
26 3611 3551 2069 9699 4917 462 8421 2298 3170 2175 1693 3797 9179 231 1439 645 5186 9985 1729 4939 2377 2553 3098 3988 8640 7722
28 8220 7297 7115 7351 229 7842 4358 6436 4900 3313 4519 3416 2404 5075 917 5627 2070 2460 3077 6071 1514 8010 6 6222 8516 5859 9555 9527
28 9159 9443 9336 4481 4777 1760 851 4395 2064 9274 2799 1309 9116 9464 7130 1413 6653 1645 6120 7373 7420 423 1527 4927 2703 4548 7654 411
28 4071 27 7397 8733 571 515 9223 209 8000 6675 9376 4941 4100 3705 4213 4538 3113 3378 3217 6194 8635 2545 1375 7705 6972 6074 9782 124
29 7584 1824 4338 4458 9966 3455 9147 9961 5506 2846 2083 6705 8892 600 3461 2979 5037 6760 7283 3282 2733 8676 1586 2437 4150 7647 6305 8187 9643
28 6130 7186 8971 1410 8234 9721 320 2536 3912 7304 881 5405 9158 1482 6904 2387 8867 6466 7447 5078 9663 7263 2655 2778 8559 3289 2532 2611
29 9211 7781 4568 2005 9286 5436 1004 8577 8182 6824 7727 9809 4402 3568 693 6786 2653 2229 3621 4439 7 5145 349 737 9001 65 6266 7294 5690
28 4804 8579 328 7458 1024 1217 5446 5296 2176 2513 4882 1919 8278 5839 2237 1876 2568 1780 524 342 7497 6391 2443 5521 7604 6311 2670 2528
31 8598 377 5528 5129 4 5005 3722 9055 513 7278 9949 6188 5175 9952 7056 1744 9996 8051 7081 2886 9512 2787 4744 7594 3994 5686 6408 8782 2067 2530 6632
28 8172 846 7173 4311 1448 5610 996 5969 6277 6171 4136 1934 7740 1103 9312 1161 3885 4016 4711 7391 6355 1546 3045 1119 5491 7839 5851 1177
30 7080 6347 2205 8130 4250 8462 5875 9675 7629 7484 5440 4127 564 1952 2204 6692 8610 2224 414 1265 9016 9386 1922 5243 8556 2427 8708 2712 7921 4771
28 9151 1387 8286 9385 9612 7625 158 8417 975 3770 1980 9087 310 6719 5972 7196 7236 7210 1702 9137 7904 9306 5657 1279 4380 6496 4685 4659
26 3216 9117 736 4710 3275 2782 7489 4190 5121 9910 5701 6429 9 9252 4838 1781 5150 8997 6132 1381 963 5232 3354 4237 3530 7577
33 8849 5160 6610 8952 7798 357 7957 6766 899 3281 8377 6740 620 4857 1329 6368 1483 1494 5752 5505 386 2113 1480 3017 1475 5358 3257 5665 4584 1428 120 4775 973
27 3660 8961 9200 2135 3680 6519 5303 530 5012 8794 5501 6460 8371 580 7681 3814 7181 3615 992 4854 6144 4012 218 9912 6303 4058 2719
30 8057 8372 4246 5206 4769 9636 4573 3783 9648 7660 7580 4124 9029 7830 5427 8630 9673 7438 1471 8 6834 7469 5922 3712 2926 8081 2544 4940 8715 2791
27 8724 8545 3693 4937 5534 873 2301 1340 5090 8944 8153 5124 9628 9365 2817 4424 3574 5236 7961 6270 7434 4569 6478 2054 7008 764 6301
28 9872 4949 4797 8431 7516 1422 6073 8526 1784 689 4489 5550 529 8094 4723 9325 2484 7635 3549 9711 9245 5019 8770 5471 1615 5374 2620 2623
26 671 6557 3833 1139 3417 791 1151 5274 5277 3508 9110 2826 6367 9448 6220 6396 6249 847 6373 5141 3002 9881 2533 4820 696 8307
28 3636 4574 256 3951 1239 6452 3917 499 7483 8040 8391 9979 2842 6544 3723 3400 4893 5272 875 8098 7269 5710 6241 1479 8803 8272 1638 3375
28 4115 9820 5914 7985 304 2058 4298 888 5568 9500 5169 2685 3317 1452 9344 4146 1088 2321 1823 1394 6031 6477 1447 9253 7152 7856 6626 5470
32 4182 5595 3312 8745 5298 952 5 3644 8389 3500 5382 199 9728 8721 249 1873 95 6323 6628 7189 2026 3466 6870 1513 2575 821 1716 1762 7817 3826 3808 9895
30 5371 8948 1140 8052 3323 6125 2609 2950 6559 597 7243 7935 7340 2977 5994 6706 6991 3376 755 9641 8380 1663 6420 1669 7457 7192 4872 9968 1738 3504
26 445 3452 4091 3855 6922 7408 6866 5510 9056 3825 5770 1280 5027 7558 64 1652 1075 4203 2471 114 5571 1227 3668 8037 3285 1635
29 2586 2803 7611 1499 2212 8924 3299 3167 1218 4657 5768 189 6716 1353 8688 9140 5331 8291 1201 401 4971 4210 6053 3450 2203 3601 8928 6217 4184
28 681 3832 8590 6250 3612 4933 8634 7110 9059 3675 7614 2011 5488 6010 1146 6175 3047 2299 6853 1748 5271 6108 8243 6907 940 4257 7805 6511
31 6423 4494 1285 8919 6973 8910 5368 1238 1525 8680 4055 5238 8878 9651 3730 9800 9666 3213 4164 7040 1043 9226 2196 7445 5380 7517 9244 5667 3918 1793 4901
25 8033 3877 5966 4436 5117 4030 3019 9078 409 5407 3262 8189 6829 3801 9122 5541 2307 9085 5871 6840 4336 3369 4981 1327 2661
32 1109 7855 6600 5881 2860 6322 5706 9546 3420 5887 1610 7462 4281 384 4823 6948 9367 4633 8926 9852 5755 9070 4861 4233 206 5085 7583 6002 6503 1801 2267 9969
30 8595 9157 2954 6509 2239 8884 4514 6643 2027 5074 4958 3110 6674 4825 406 8140 7184 3639 5013 538 5980 913 7565 542 10 6431 196 3962 4586 4978
27 6781 6319 6151 350 2767 1264 3049 3040 4874 5100 9839 9855 5451 6026 3897 887 9779 5047 4154 1827 316 4505 3938 3274 9748 9918 2103
30 6424 9814 3169 4067 850 7603 2873 1547 9892 6236 7374 3277 2897 5611 909 2730 2369 5746 4800 9174 4763 4508 4755 3022 6209 9667 8117 8830 4512 202
28 5588 3628 1746 9646 3524 3036 6464 6167 7592 3785 5222 4130 4028 5852 8842 3692 8087 8313 3569 9142 3509 9108 2115 516 9293 5216 8898 4329
31 7318 1833 5952 9747 9933 3367 9096 7016 883 5053 2320 5096 5083 3635 2675 1771 6502 3978 3650 263 5419 6195 7646 2641 9318 632 2718 7726 6442 7697 1627
31 9832 3104 1691 3501 3694 4050 8549 2279 8831 4950 9725 4630 5700 6800 2178 3134 6406 8135 5484 7292 7964 5625 129 3572 3112 5864 6921 2881 5845 2879 711
29 1577 766 4169 874 5668 1025 4553 6990 5772 5861 8150 9973 4178 8967 1144 8185 866 8373 3109 9345 1803 5745 8359 7987 3706 5795 6798 6240 8395
29 5266 6668 7448 2858 3396 879 6753 5863 2238 8076 9314 4647 2986 4658 6646 5132 1504 5479 3594 2112 8301 7454 9433 7354 7544 103 6320 1990 3227
33 8407 3496 4766 6294 5669 8273 4629 908 4722 2794 2207 2511 9835 1158 6434 6581 924 3003 2464 3458 803 8082 2592 6023 6165 1019 942 4798 9863 9904 1875 4712 8465
28 691 3235 5069 8797 5310 7482 1300 9184 7369 5496 4559 9917 2946 2390 6345 1866 9513 5816 9749 5421 4234 6080 6659 8994 8061 9916 1211 9255
30 2223 3720 9417 2263 9139 53 9183 4953 5975 8358 9012 6449 5162 2576 3786 492 6334 8866 8303 4781 4528 6903 8388 5624 7342 7386 5844 3159 7908 7272
33 4052 1437 9075 479 5598 4084 1740 5167 2409 1028 8877 9089 6145 1796 9279 1135 7075 3605 6384 4836 3276 4853 8825 3933 9859 6661 5337 4367 5937 1550 9403 2582 5987
27 1808 6578 7244 9076 3733 6816 6128 8423 9153 8325 9090 3982 5306 9902 8578 7932 3790 5616 1755 142 9602 9903 7332 41 2400 8768 4789
27 8346 5336 2813 2195 6520 1639 7379 2937 2457 9771 7068 2699 3926 1294 8550 6565 4244 1741 8868 7819 2503 826 5342 7542 8024 5178 9558
29 2182 188 7151 4391 5901 319 1420 1120 8668 8943 76 331 6182 8341 9430 4207 2110 1910 3788 6514 8354 2438 8789 5158 859 7738 9723 9410 8909
30 6096 2847 8565 5826 5313 971 8897 3647 7038 9375 4564 2262 9458 2413 2939 4148 2226 2292 3244 4513 7372 8881 8905 8045 2393 2275 491 7926 845 6148
26 3039 5955 5740 5516 7728 675 3520 1603 3683 3742 4290 5282 2759 7656 6119 8319 248 4894 9105 3115 3358 3577 3800 6377 6947 7540
29 2378 4634 330 5461 3702 768 0 3037 3654 1532 995 1460 3834 2235 8864 5067 6451 101 3325 4653 7051 7302 4403 1874 6920 5032 2123 869 6164
28 820 1030 2418 6983 4976 7381 8285 8920 6163 1671 9529 8347 2606 198 5732 8295 8414 8233 9693 3617 2190 7055 7453 1937 7478 1559 9607 7341
30 1959 7382 4754 3005 8936 5210 3001 9975 7748 4263 4241 2426 8938 6908 1308 66 955 1231 9875 3600 9275 4620 828 9342 8043 8660 8305 7852 4708 7652
27 5604 9826 7529 6032 5654 8569 7768 7755 619 6033 8734 3975 55 8142 9290 1832 335 5389 6528 3761 5143 2784 2046 9642 8501 8784 7820
31 8725 3632 523 8166 5128 1558 5783 3348 9762 5146 1545 413 5309 322 8482 157 7763 2364 4704 812 7433 8496 7786 9333 7019 2264 8987 3589 9349 6598 2504
27 9340 1599 5209 7638 8829 5244 1795 1373 5228 2489 6572 5070 4921 9871 3464 7893 5731 4106 5495 9009 1703 9486 5629 8110 340 7854 7368
30 1587 5673 8177 3921 6382 3898 3755 6267 4205 8783 615 4435 7560 2833 8915 6147 4139 2695 3193 4010 1087 1696 7818 8962 7074 4877 8880 3958 4235 2217
29 2584 9960 534 7309 487 7867 6556 5433 4185 400 5951 8861 7242 1838 3677 407 17 1850 2081 8719 543 8902 2197 5985 4811 24 5591 9431 1921
28 9328 4166 6655 9806 7723 3033 9406 1064 8904 5142 8652 2808 2355 8007 9595 2798 8321 7133 2580 154 7193 1989 7220 7868 5275 7837 5930 6216
30 8097 7229 8440 61 8890 3764 5949 7952 7605 6738 8042 7062 1526 2913 781 2682 8254 6968 8847 8396 483 5754 4283 8188 6293 8935 1446 5372 6038 5674
27 6669 8657 5908 2228 1421 7667 4302 184 7142 5935 257 3407 2044 4546 2560 4258 9553 7064 1884 8361 6089 898 9572 9900 9358 2386 5486
26 570 5147 3899 8120 1758 6554 1203 4478 1253 7703 8067 7108 4376 9135 895 981 2697 1338 6589 1902 3699 5017 2844 5586 2556 4964
28 9106 4662 271 2472 9627 4495 6859 9380 22 7745 4726 3280 6183 3127 7962 1409 6851 3319 8626 4330 959 1687 1086 5359 12 5317 2901 7887
31 8099 9440 9492 6756 1380 590 9272 8036 9660 9093 8224 3670 5442 3798 7150 32 3920 7499 9419 2246 8161 5469 6536 6101 5558 8535 1975 4224 9094 6969 2367
29 9282 6497 68 5696 3696 5052 2331 9289 7835 6586 300 5689 6187 5152 4669 1047 5242 6712 8459 4863 6641 8102 3910 9878 453 769 8412 3006 5453
28 9284 8472 9460 6699 540 8063 8108 7299 6393 9851 1676 4032 4284 6665 3944 9547 7909 1906 8420 9676 3337 7669 1953 1731 7713 1820 6513 6202
30 1826 7006 7015 4870 3950 2747 73 8933 3480 550 6860 9420 3506 1214 6114 9381 8223 3102 7881 326 829 9578 5607 5221 9032 3717 31 5774 9882 4644
30 5260 2766 8503 961 2535 4082 5744 8442 1898 4004 4997 6357 1861 2382 5848 7099 1894 1736 7813 4742 5179 8181 3750 8427 4326 8520 843 1607 1212 4087
29 2717 8246 281 5112 1608 1562 7865 8454 3465 3678 5413 3507 9311 5808 1664 3599 8461 6343 2602 8524 9684 770 8922 3713 2211 3041 3467 8092 3517
32 835 3209 6796 6463 4034 5051 1076 456 3489 6750 4888 6672 7059 5198 9261 5947 7124 8200 4525 1033 3822 7070 4225 9840 4848 9813 9020 547 9164 9573 8683 5255
27 3353 3581 3171 3579 69 7116 4286 5058 9182 6328 2595 8213 4383 8426 5540 903 7823 8300 6064 944 5902 9201 8247 6052 1323 9188 9982
30 3902 724 596 8678 227 144 2573 404 9907 7087 8913 174 7680 6037 3194 6085 4986 5379 7102 4819 6110 4987 4554 9265 7659 149 9112 5787 6633 8879
29 3060 6214 7120 434 2677 1198 6874 4413 7664 8369 39 6510 6272 5767 9424 3961 3799 7808 5212 761 4269 8163 2336 3848 2938 3906 8585 7841 9510
27 9145 1143 5156 9559 4355 9477 4734 9531 7419 3484 7873 7459 6915 4551 2324 6698 2216 7428 1582 2515 8091 8449 9637 7477 2088 8941 2630
29 3363 2163 4989 3316 7543 5307 6112 5401 1310 8330 4873 3849 1936 6072 2278 7206 1224 6759 591 1090 6259 5824 6981 2405 8736 9320 1105 7424 7756
28 9435 4980 1062 4239 2048 9258 9504 43 926 5235 3078 4988 3356 5782 5230 8908 8837 3261 976 6803 5544 3591 2109 4369 5870 1184 9697 4977
31 2993 3179 5503 1816 3476 4126 9027 3847 1998 7111 3069 5530 2100 8931 1303 2577 376 1830 494 6962 6938 6957 8452 1455 9063 3426 9124 6059 448 8387 9154
29 187 2191 9361 8717 8053 4983 216 3513 8518 2989 9921 5291 5847 1314 8490 2034 595 2625 8800 5893 4073 4462 9364 2454 8533 5809 587 2594 5707
29 3123 548 16 7992 555 2687 2303 7661 8147 5404 2520 7388 8489 2549 7378 4570 1336 6967 4670 7874 6401 3864 4449 4783 5660 1404 3345 3403 4576
24 3016 1938 3701 7976 5318 1865 6547 4174 3835 7771 7554 1544 643 5775 211 9266 4886 6126 607 8058 7807 6637 8744 7471
28 3873 476 7871 2715 2430 7721 3528 2021 5769 3648 3637 8008 865 1261 5718 2821 8333 5640 5931 8704 786 1966 6103 44 1634 9586 9161 6787
28 4065 7984 1036 2145 6869 7158 1160 8506 204 5055 5036 8815 5411 2546 9292 8758 3473 370 6571 4007 6370 8104 8648 1951 2749 637 9015 7162
30 6056 625 4433 1983 9592 1267 5797 1996 3984 2525 2538 8862 1630 2124 1097 4161 2251 4240 7353 7027 8692 201 4558 1443 88 262 8658 3474 2215 1651
30 333 6982 5934 9755 4144 8681 606 6747 9990 3388 2286 7776 7334 1244 6508 922 9024 2206 6306 3359 8643 2665 8312 579 9631 1538 6415 5736 7315 694
30 7782 7794 3656 7724 1175 5082 704 1770 720 1082 8055 4774 2325 6213 1046 3401 3853 6512 3754 4451 8817 6923 9514 1686 2618 9148 3226 7174 518 9418
29 7245 3765 8027 2396 6255 62 7347 7981 2788 1233 8562 2900 7532 6426 6166 8498 2111 1973 2453 176 4626 7204 9608 3066 79 5256 2099 2956 4171
28 9049 6330 7494 6664 2526 7790 792 9456 9133 4194 1370 8602 7958 6612 1507 2287 7221 1073 3433 9026 1534 4613 7512 8788 5261 1015 8945 8932
28 3516 7395 3324 3811 1123 8046 6727 7878 3100 8728 7875 7000 2092 8015 2032 8031 3927 2945 5357 6900 2366 366 5792 6593 2422 5285 4881 1289
29 8078 7343 1067 1417 1220 4304 3300 1174 5168 4483 6210 2397 609 6757 4414 6714 5252 7975 1565 2898 7571 5762 7073 8510 5702 253 3328 6235 1185
29 13 6257 8415 6168 5308 6481 6049 5742 8316 7268 2943 1045 8616 3923 9091 6998 6302 6689 1246 5103 8662 8071 2588 7972 7616 3355 3697 7270 6135
30 719 1788 5049 9236 3932 6681 7286 7691 1411 9327 5059 1002 1405 8639 3028 9421 4737 8972 9262 5463 165 3924 8126 1500 4907 6916 4580 3083 1484 2406
31 6261 8669 3937 6258 3295 309 4096 4597 6286 6550 431 1290 1908 5018 4547 9736 920 4109 6940 4453 9239 6297 1388 4324 8633 9953 4615 6667 1916 8402 5644
28 3387 3492 1712 7552 421 6580 679 8263 9870 7330 4064 6191 3020 6601 8149 1054 4700 2309 8156 8457 6645 1155 1129 5819 5231 7470 7422 4347
29 4768 8406 3051 7084 1985 6500 6446 266 3989 1708 359 8666 1553 4855 7515 4033 1632 912 5708 4928 5626 6066 4681 2398 2478 5215 8374 5915 1911
27 2672 929 7569 5134 2570 2841 473 5253 5763 9720 545 6378 8255 7310 9209 5464 5655 348 3935 4859 6911 2667 8846 8953 3161 4339 1363
28 175 7047 7096 7439 3582 9816 15 6551 8553 5312 9308 8617 3553 5497 5122 6362 8497 2128 6734 562 4849 1506 7228 6325 6012 7772 655 1298
31 5370 6687 5185 2930 5671 9989 8581 4831 6690 9970 4153 8455 6941 3220 5477 6226 7676 9162 179 1065 8357 7933 2340 9686 6534 6929 4346 7966 5489 2634 8385
29 7995 9913 9797 8624 2085 8766 393 1735 1549 1118 5603 2857 5869 1885 3963 8283 2200 4924 1844 6122 346 897 2978 9034 6784 7029 1727 4635 960
27 306 2583 8017 8841 8277 6379 9943 8517 2960 7709 4243 6582 3839 603 2424 7053 6802 302 2420 6736 8735 5518 4790 1378 6169 2143 2565
25 9858 1191 1842 3598 5940 5144 4309 6817 2542 4856 84 1034 133 1094 6611 3890 7563 4211 4013 6774 7289 3993 3030 5991 7796
24 6613 7720 7183 2293 3380 3242 3821 2280 123 7682 7853 5730 381 3222 4686 5203 9369 4176 3163 4105 5747 7861 6663 2338
29 138 4474 6092 7442 6677 3716 2346 5670 901 8476 6893 6552 7157 4925 6591 5373 8764 4118 4787 3485 4668 5814 7658 9022 4061 77 4762 9645 900
29 3117 2090 1196 5938 9128 3907 7259 8375 5784 1306 9220 734 8623 6648 3456 3807 1905 4113 471 5927 3566 9926 8014 1112 3214 5907 9003 2781 7688
27 6603 4632 2003 9967 1236 964 4341 2055 7824 2389 7308 4160 751 8990 7898 3004 9465 5977 2676 4816 1331 8179 3157 3406 9071 503 5211
29 962 4107 2874 2012 4476 4739 703 2771 3341 6268 9812 1557 6238 1489 2724 989 9712 3662 1156 355 4429 6196 6801 3224 8522 4479 5621 9109 7364
28 7883 5334 3560 3177 7980 6299 3803 9425 8289 9562 353 8448 4382 6772 9616 1840 9596 1732 2639 5164 1234 1041 2875 5341 714 6506 9650 2659
30 3042 2785 7581 6563 215 3881 690 3556 7392 670 6185 6918 8907 4430 2657 278 938 7630 1858 2839 6958 7956 2932 9682 3374 1978 3547 2616 2895 7936
26 666 3704 3772 4909 5182 3267 8718 8649 8025 4504 8035 6337 4448 5804 6594 8667 840 9195 6937 3307 6909 7119 5882 6883 9544 3748
30 9581 4447 6200 5898 9804 2253 4834 6985 3854 2142 3481 9281 7039 6814 7118 9334 6433 5531 4035 2473 8525 2073 8229 6679 2796 6709 3120 561 2804 4188
29 2603 9054 8492 7060 4386 2101 7201 9898 5278 3144 2867 8611 4919 3175 3684 2951 9999 5498 4498 1180 8600 7862 6501 754 2311 8582 8290 1946 3595
27 3187 4349 7329 7890 5968 3347 4948 8264 565 7275 2780 7288 6418 1598 5199 613 3737 6558 1332 9132 8456 3729 1800 6159 6524 4866 3116
28 156 9696 804 6980 9568 8613 7249 4093 956 1730 3212 5304 9677 71 6484 3888 9794 9469 8804 9807 7940 3053 6799 8777 638 1010 4254 7649
27 4967 7216 1407 7295 5102 236 5138 9495 3887 59 7939 8801 8115 8807 6629 4656 7425 9269 5449 7754 640 4271 5559 2119 8548 6055 9478
28 1764 9288 5555 9130 6211 5188 311 3777 168 569 5395 2004 2973 4851 3463 5982 6768 2029 2596 3751 8570 6047 4484 7897 6366 6008 8360 3767
28 1408 9868 9951 4151 721 4694 5596 2728 2179 6515 3035 8899 8352 9552 2006 1571 3231 3718 8580 1334 5933 5437 2285 2257 860 5432 6942 7641
30 7653 8730 3258 6864 5566 7177 6622 4350 2738 3882 2558 38 2643 6352 3393 4128 2527 8210 8425 4572 3916 4102 284 8965 4360 6783 3931 3218 1350 6441
30 7136 9538 1807 3682 4400 2775 5912 1888 7202 1269 5597 8047 5913 986 539 3389 7758 1117 5385 8198 7160 4709 2240 296 3838 7551 2691 882 7537 8629
30 4760 8184 4543 8073 667 432 5020 2106 7338 2707 525 3379 4732 1747 7612 3180 9066 5825 9922 2127 1463 3980 2363 1183 2072 4297 1361 9765 2075 1397
28 3815 994 9441 7929 9052 629 6822 1854 5163 8541 6276 2931 7802 5292 954 4226 8759 9427 6039 8795 4216 885 2824 3351 1881 8743 7066 7348
28 8709 9031 6461 6402 4249 784 8012 7393 4724 4272 9412 2548 916 4045 559 9483 3895 1450 6381 4920 8079 7967 3510 251 9828 2902 5320 6091
28 6198 3288 9756 6234 5423 6304 7800 2266 2161 8912 878 5694 5579 6208 2283 9560 4596 905 7963 6894 9479 9004 9074 344 8068 9398 8062 2783
28 1572 1595 3333 291 4018 7176 7719 2591 6978 4931 2097 1825 6763 5367 5606 8560 6439 4051 398 424 260 1949 9379 7440 2885 7677 2985 75
27 2652 8653 2512 2965 9241 6634 6359 6312 6233 5856 2547 8755 510 863 3063 6438 52 8367 4837 7095 317 8622 2214 4517 7223 7978 6246
28 2098 9447 4773 1976 9754 6485 7327 9795 8876 6872 4374 7785 3147 2811 522 998 1456 4946 1523 4899 7211 2317 5234 814 7107 3024 6061 5193
33 152 9213 1805 1860 9984 7232 4718 5126 5351 6205 8687 2947 9690 5509 2052 2887 1176 7321 5191 4839 8226 5957 4826 7959 5807 8923 4426 485 192 937 6371 1367 2451
27 8854 2351 5345 9956 7528 7436 2920 1322 6652 8874 6256 8260 798 9309 8329 3067 1169 8684 1164 155 3676 3135 3239 8682 4791 6656 1508
28 2823 2091 726 4535 6237 9549 4486 2908 1012 4370 8917 4375 2790 6945 7725 3301 5239 4738 7762 6333 8806 8474 8088 8823 6818 7804 1150 5240
28 7833 5467 2604 3126 1260 2359 5580 4251 4025 1692 9815 2153 109 5450 3108 635 5248 7103 9429 6346 118 7665 6579 8084 8712 5276 8167 63
32 7822 6597 5213 9039 5910 6995 1276 2129 4758 3234 7876 1889 3453 7712 9763 5006 7172 3740 4085 1931 4023 1116 3597 9205 8192 8203 2862 2572 2516 2481 4364 9600
28 3183 2607 4088 1014 422 4227 9356 4621 356 3743 6862 2408 4074 305 6539 9624 9017 508 5676 7827 8127 661 517 677 9869 2493 6546 6588
29 9111 1942 5532 5462 7650 4393 3804 3326 4044 4095 6651 225 7588 7146 6743 8242 3805 4143 6035 5623 3739 2025 4666 8376 501 3366 7399 1778 2388
28 3440 1187 6425 9787 6102 3411 9856 6099 2541 1326 5384 2373 911 2589 5135 669 2692 536 9730 9294 6034 5364 5649 983 1396 2789 3769 2084
30 4904 3533 6778 3331 1257 2519 6826 3192 4306 3105 1292 4295 9845 2615 9326 5978 1225 4162 8537 7710 9000 1157 7954 9146 5140 2732 3459 5950 8774 7533
29 9925 9243 4996 3278 7383 3731 9599 1149 111 753 2502 5428 673 984 369 9214 255 9929 7325 2461 5025 7301 1374 3614 9947 2268 6542 8392 6422
29 602 626 3260 8875 817 2144 7572 173 2680 4289 7336 6997 8558 4425 1847 8762 1488 461 7225 6896 1775 2579 1108 8779 7280 3168 7371 7178 9138
28 6950 1539 5475 502 3 2049 2992 8798 743 7670 8253 9007 6878 4371 7033 6644 5539 4865 5778 1476 2102 5217 7486 4411 172 3522 6564 5738
28 1579 1831 551 6030 5658 5896 9540 380 3254 1986 5327 5998 8512 9008 4177 4955 6649 1625 1757 2277 9744 1501 9503 9978 6577 7089 9100 6865
28 7427 2146 5008 554 9732 8906 6868 7022 7598 4521 8493 4040 686 3819 664 4727 9471 3539 5194 6662 1628 18 1281 7791 3092 953 4111 2480
30 5798 2198 5608 6754 170 653 8992 164 6470 4229 5119 7522 9704 6721 4598 8124 8175 8707 4305 4359 1733 3768 765 6986 948 6654 1022 5928 126 697
29 4753 6791 810 1275 6790 6123 1131 9864 8828 230 4665 4019 7429 259 1968 623 8168 2972 4056 8703 9234 1362 4624 4959 2721 5633 8225 7655 4916
30 8995 8546 1186 7230 1659 1794 4313 9461 9267 9883 4497 4914 2314 3132 6448 6048 222 8480 9480 6789 1159 8344 8852 6782 5173 7770 4600 5618 2957 2994
29 4114 811 8118 8438 6313 6966 4975 5010 848 5474 2651 2040 1698 345 4779 264 5590 7217 7350 97 7254 8382 5785 2883 2731 2385 9786 212 9346
29 2265 5846 9470 8324 4715 5724 1787 8006 80 9044 4691 1256 8808 6354 6115 2014 4276 8732 3837 8900 6043 139 4651 2483 3141 7094 9463 8240 8887
30 1965 1359 5197 1779 779 2137 9391 2748 4315 4079 1360 7076 9216 858 2984 2741 1221 5806 6678 9897 4285 5339 8252 4468 692 3936 9080 5375 7747 7215
29 4611 6488 2777 676 3536 7144 4788 9121 93 8646 87 1096 2062 7838 9280 7953 3657 1567 7218 6443 935 2159 293 1318 5764 9778 2380 277 6906
29 2758 7539 3339 8083 4716 5683 117 4588 2183 4201 140 3685 6044 9707 4328 9659 9706 2259 3976 6349 9062 1372 4510 4337 2448 9388 5007 4821 7414
28 558 5613 2836 5553 7986 4408 2642 6994 4799 6666 9526 258 3321 4199 1068 6726 2447 8563 3052 1432 7250 9198 4850 1449 5398 6960 9860 2894
30 1641 1896 7014 8885 9033 8966 8281 8328 2853 1620 9270 9548 1960 7792 2171 1636 4623 9709 7573 7504 1605 4729 9948 6022 2866 3311 4698 3381 1773 9212
28 9670 7205 4807 7219 3405 4323 5302 7045 5781 7706 1880 6780 7104 5716 234 4614 5154 6083 438 5494 3593 8632 894 731 8891 9731 6639 2288
26 7609 7793 5917 8872 3266 1095 5424 6764 6567 7950 8659 9233 9411 1416 1173 8034 2684 9337 5094 2773 6465 3527 8018 796 6157 6804
27 3491 7511 7496 7253 8820 8293 3669 927 5183 313 3315 5791 237 3377 8780 112 6965 7127 549 7627 8998 2729 6832 7968 4502 8194 6090
28 3831 1492 89 3172 1600 3318 1592 5390 7812 7209 1215 4906 6388 1352 7013 4693 4103 5799 3550 3189 8342 4912 2079 4008 497 1672 8265 6065
32 1813 6770 5529 3762 2401 5867 7840 1821 4640 1304 5189 1435 4869 2066 5073 6670 8221 6621 1950 3408 9896 4786 5620 4772 3578 8985 37 2269 2737 2585 5836 4131
30 7633 5326 5721 6889 6516 4104 8791 8793 4388 6069 648 2825 394 2463 5265 5104 418 1611 5246 1591 8767 7749 3538 351 2248 9517 205 4135 4419 2149
28 746 9740 3534 1205 9079 837 1282 4487 8627 3908 4844 4696 710 7739 6742 131 4470 5393 7632 1940 9357 6848 9905 4905 5711 8195 966 8805
26 577 8568 6765 9640 738 8532 4145 7257 5811 9300 2800 8871 3512 9567 8973 864 6131 9402 5088 9221 9962 8916 3404 1851 9802 5666
31 4172 5097 8434 6890 1520 4910 1681 2053 1689 107 2477 1301 2735 2255 4410 8901 5971 1613 2227 3248 9005 8656 921 3087 9061 5016 6660 7731 371 7608 9741
30 9861 8125 6928 7279 8765 4858 6902 2194 3176 1226 1709 567 9303 1661 713 2256 6009 5692 1624 6949 7548 1162 8308 2261 9894 8978 3305 6680 2678 6575
29 6975 3247 4994 1700 5713 9494 5170 2983 4785 4140 1867 5661 6082 3199 6483 30 5409 1050 5631 5602 4663 7085 3990 8160 7734 8002 8416 7885 6627
26 6440 1817 656 5116 9773 7065 3429 4264 5584 8976 5281 3449 2114 7615 7803 4648 9611 776 7198 3561 7252 3752 7991 5678 5042 7502
28 4473 3860 182 8566 9454 171 1521 2337 685 3215 9254 2629 7525 5332 628 7692 4378 3869 3046 463 28 6825 699 2328 5569 6776 2936 8799
31 2822 1377 5889 7689 6493 663 9489 8727 7541 1725 5293 5297 2891 3488 4180 4918 4776 1382 5924 2130 6877 4475 8138 4208 7303 9374 1930 4702 2716 224 6835
28 1574 3665 1339 2971 4186 9708 9467 6409 3018 2230 5279 7877 3686 5720 4676 3928 1941 8839 9965 3624 880 25 7508 5593 7002 4962 6279 3082
30 4398 3240 8366 5675 659 5520 4867 1804 8292 4457 9737 9760 7213 9434 3269 3514 6282 8999 2806 705 7550 9639 6733 4296 5677 566 166 2807 4097 6405
30 395 8383 1768 6046 896 3442 7147 8651 8968 6971 4396 3330 6813 855 7346 5443 8190 4555 4812 6054 2449 1078 9680 2360 1594 2505 4518 4714 8470 969
30 6428 7313 5939 6595 7694 3903 1863 8584 3949 3103 6854 8528 6344 1092 7983 5828 1029 3495 9387 588 9928 9516 6081 3469 2896 8219 3451 578 1690 7917
30 701 3076 4765 7636 1124 1462 3703 1245 1541 9954 5687 4047 9821 2852 6457 2151 3576 2407 5038 2362 8086 3843 3673 3447 9766 9353 9927 9018 9163 1199
28 3875 3756 8205 5973 8003 7579 3122 5125 794 4110 8573 6585 4985 6063 1662 2125 7514 5773 3638 2650 2455 5872 1685 9576 9542 4683 9841 7527
28 1711 5149 7331 4655 7637 2531 5315 2843 7610 9247 2080 7077 1517 5827 2564 5043 9946 4220 160 2529 7461 2177 4746 616 7729 5050 6480 6172
27 5354 6720 2933 3410 2746 5435 2450 3715 9260 4460 8222 4215 3061 3753 775 583 7684 5061 4876 9313 8411 3084 7121 5918 8353 9192 8311
31 601 9718 9202 273 3744 4252 4069 5177 9393 8593 5647 9703 4092 8332 5833 48 1783 2889 6724 7023 7398 5414 9210 5981 2434 9924 8981 1295 3106 6647 6014
31 7735 1204 7222 2557 5483 2752 4817 7239 4387 7240 110 7352 4316 228 3771 8675 7171 6106 1013 4261 8869 7446 162 2162 857 3111 2709 6068 6332 3188 5107
31 7662 2830 4794 8851 9930 7707 1016 4942 8620 4048 6473 8123 4062 1723 7432 4132 6291 2837 5268 5040 2270 5139 1945 2356 5319 7048 4490 2959 1928 4418 5723
31 5046 23 2442 8625 3064 4415 4123 9242 1542 5396 6160 1011 8296 7989 1418 6873 5842 3641 8217 6946 2118 2827 7814 6109 2619 8742 8555 2514 1255 8216 582
31 2150 9194 8977 3735 2395 8594 185 6615 7693 9203 8499 5480 8604 430 914 9598 1673 5098 3031 1101 1814 8202 3586 1682 9285 4619 8487 6498 9404 4539 7326
28 2635 9561 2482 1964 7773 7538 4672 4325 6015 2928 9222 9207 1530 6075 6861 4043 8041 5431 7797 4536 1481 113 9524 5725 7951 2031 3021 3399
28 8315 6062 8781 4217 2323 3091 2136 1121 6385 4782 1742 9278 5048 1706 758 3535 8921 2490 2816 146 7197 3841 4416 3943 426 6029 2925 5208
27 9413 1125 2855 3201 7742 4005 2391 8645 9338 9126 3364 6456 7846 3382 5786 7700 7622 3820 2521 5468 5641 469 732 5936 6755 4963 9958
29 4852 7132 698 9227 8949 9621 1907 4183 6309 7869 7815 5106 3124 4713 7044 2466 5056 9426 2754 6087 5929 1859 4485 7052 4571 6041 5970 9995 4331
29 9058 9764 2649 6474 1737 5726 8756 7777 2470 1242 833 3846 8722 4813 8348 3470 830 1710 9920 5338 9298 5715 7666 2812 3710 7789 8619 5562 4361
29 8267 275 8870 5237 7744 3757 343 6395 4247 373 7925 6590 9187 6471 9931 7795 2419 6387 599 807 8212 4968 695 5582 2501 7900 3868 819 6479
27 7901 2563 3775 3618 3259 3412 2018 6215 3724 9317 5192 1585 3136 8761 7307 9323 6725 19 5866 1274 7902 9620 3930 9613 8236 5779 3386
28 654 6671 8227 9219 5705 5522 3205 4642 4017 4158 7305 1395 907 782 838 6321 1114 6518 9981 8984 8048 4173 2392 5996 1393 6184 3422 7021
28 8551 8207 3383 8049 5066 5166 3541 5376 200 1248 6225 933 4266 5438 6375 7385 5880 5628 3852 7098 151 11 6317 4020 390 119 9481 5823
31 6190 2086 4951 9685 2640 627 1138 7866 1759 1519 1207 70 5699 1320 2354 8378 6846 9276 9405 5123 4357 5920 1984 8209 9652 3996 3842 7166 5054 3529 4678
29 2921 3210 1531 3987 2186 6718 2167 5353 9362 5900 7955 4431 778 3360 8334 6228 1122 7155 1584 9473 3029 8748 6858 7595 7164 5526 7801 6898 1766
30 9890 2711 6683 8586 3620 4677 9229 7561 8274 1971 1683 1622 2122 9497 5108 1853 2193 6078 5989 9144 1230 3789 5328 7169 5381 5538 6181 8792 2349 7559
30 6507 7179 5113 1756 9263 610 8463 8005 2318 3340 203 8191 6018 9844 1719 96 3960 801 1252 3178 7274 8853 7306 4320 8695 427 2189 8298 9724 419
28 9189 8468 1021 1051 9790 4530 9394 6218 3784 51 2725 3434 9906 9389 8109 7069 8336 6336 6020 3793 9305 4267 2065 4412 7843 5717 2587 9700
28 2417 457 7922 9384 4156 5883 8958 9753 4444 7097 8677 3490 9739 4749 2761 5426 9810 7994 5415 2208 1356 3070 8576 6251 3760 368 2213 8696
27 295 2793 2693 5171 593 2057 2745 3544 6715 532 9664 3695 2056 2220 1052 3343 505 4860 2696 5264 7619 6248 1287 2170 4643 3071 9577
29 3883 1271 3302 6117 9811 1961 4730 8022 5105 2919 5314 2184 7663 5504 1392 958 4522 3596 100 774 9519 6316 2694 181 6762 6722 2456 9799 5885
29 2849 9692 6640 2304 7367 1575 1229 3486 6979 5704 9035 1988 4952 1128 4748 5114 7750 6315 8671 148 6913 4427 6281 7376 2927 9705 3074 8514 6051
26 4189 3119 5077 2755 7845 7203 8239 6919 789 8466 6252 1920 5664 5800 361 1057 1376 646 3445 5004 8326 2751 4973 5729 8819 519
30 7277 4236 4068 2736 9382 8575 35 5587 6186 1555 5397 9502 115 4583 6836 6398 214 7546 7585 2974 7506 6608 3294 9536 4999 9170 641 8105 7362 3818
29 7418 3181 9104 2599 6283 1430 466 3830 2562 1089 2260 8821 412 7919 7238 7888 5741 8186 5605 6984 867 9399 2865 4741 6201 6495 9505 8631 2107
31 993 4805 3911 1818 6177 785 4076 2868 9622 437 6708 9545 2116 1126 7001 1498 7265 4112 4780 1190 9396 7547 2764 8485 2953 8343 7413 7741 4268 1954 3810
29 6638 7487 7011 780 7430 3537 3090 9939 7078 4262 4533 6206 3812 8601 4230 6111 8028 2174 8397 7057 1153 3483 8302 7711 7746 4532 8270 9838 2518
27 9053 4922 5865 3746 375 7488 4015 6744 2832 4929 8894 822 9618 6174 270 6350 4496 9551 6555 3749 3977 7520 1518 8244 9452 3080 5517
27 4322 9445 2890 6475 4560 2218 7375 4809 4003 8974 6820 8413 6137 6892 2348 3287 5487 4868 6199 6549 3230 29 9539 1714 1629 3633 5921
28 7576 8543 3149 4046 4248 6676 1836 4432 5601 7766 5834 1102 9959 6540 2462 4482 490 9911 4982 137 2566 5445 1237 3779 2357 7764 7165 7207
29 7849 9688 6819 1505 5448 6262 7870 4524 5570 6795 4579 7082 4892 2743 1667 6895 2888 6850 2488 8419 9125 1355 622 5039 7644 7810 287 4965 6491
29 1785 2202 336 6150 6876 6007 9315 3243 8469 1837 7195 223 9792 7702 8942 5026 9674 7231 8016 6314 827 9496 735 2491 4138 3457 8539 6843 2423
31 5254 5535 8710 5942 2399 9884 9761 2295 2644 3625 9554 6523 8511 4818 3314 7620 7859 5546 5187 1351 6695 3732 7226 3658 9259 2884 2626 1939 47 7194 8009
31 7256 8039 4392 5564 7481 3164 941 177 6296 5659 546 8335 3415 7043 4351 8713 2043 9046 8171 2022 8473 3874 6548 2905 4038 3015 9023 2441 1399 1791 85
28 8450 5944 128 2305 9095 7185 9803 9172 1602 1668 1647 6954 1490 2534 9609 8982 297 762 8491 1970 4731 4932 5180 8542 1333 1288 3580 2681
31 493 4878 2330 7864 6407 5086 1913 7406 939 2613 3086 7284 9654 3435 3303 4602 99 5565 8401 4509 5617 6469 5630 8021 8157 8706 818 3583 1027 2016 6614
27 207 5383 1066 4200 1042 3871 902 5343 7472 1724 7377 9372 1701 9217 4365 7200 4610 5340 4649 488 2421 6569 9759 1705 2969 5473 6207
26 9155 8152 191 9408 5360 7464 3651 7390 9173 5289 7949 1721 1170 7012 9570 2290 500 6604 3296 6116 9819 6838 2706 5960 1653 3708
25 8090 474 4757 7026 2013 8991 8494 150 6300 5403 5329 8956 9672 6624 733 1341 7285 3428 3966 242 6899 787 5685 4707 8636
28 102 7704 8170 429 1049 338 6618 6057 9186 4527 7032 8145 7701 9935 4335 7500 1720 2131 3252 7821 7113 4121 9291 4196 4895 5698 3913 7260
29 2870 957 9584 6003 6374 979 2673 7960 9149 6711 6287 1371 428 861 3942 7431 6453 324 1955 4606 728 1232 195 634 1266 6988 9383 1665 7456
27 7320 9248 7042 1597 9625 8320 1222 3430 7135 3546 2656 6192 9923 5577 9047 834 1743 9432 727 7451 2199 5560 1474 3148 5481 8479 1648
29 5014 7030 2152 1148 6910 1715 232 745 1258 5821 3398 7863 4835 4343 3889 5270 6223 5884 1656 1084 4308 2117 464 717 8165 1270 3956 3870 1445
26 2636 7606 7402 2042 82 8072 9329 9585 3587 9006 5508 6999 8661 1870 965 1819 618 1216 3000 9715 5190 8955 9476 7246 5877 4594
26 8980 2332 3679 5207 931 2221 3858 3158 3320 4223 8824 7312 4368 6462 9297 2910 608 6468 7657 6489 8940 9713 2571 5609 8151 7899
28 6891 5801 1556 130 8261 1293 6244 7317 5159 1317 1423 972 4687 8437 8691 1914 3137 3409 9587 9530 1901 8729 459 5615 9698 3349 2810 7264
27 3423 280 6265 5997 5574 6844 1750 1433 5369 2071 5533 6025 1829 7491 86 6977 6288 8054 272 1072 6702 8802 4688 7156 4552 4956 7492
30 3590 4057 8778 1250 2439 2574 5223 425 1871 7743 1548 2610 2121 2500 8422 4815 6807 303 307 2023 9938 3726 7501 5728 7683 2308 6823 1551 3531 592
28 586 2517 1956 7648 4607 9719 8834 6361 8486 9634 2028 3286 5803 3251 9060 8095 8996 5573 3728 7825 8064 708 5709 2250 5813 2904 7806 8618
28 3233 4260 839 417 9785 9752 4053 385 2435 5822 8689 4945 1935 6486 8883 9588 6953 6739 5458 1510 707 3862 1912 7717 2567 2008 8443 7234
30 1753 8654 26 3462 6351 9322 8178 6752 106 1132 4679 7122 1023 6728 2645 1063 8288 1195 6045 9846 658 7920 1699 4036 4705 2976 9099 4890 9847 3232
32 1048 286 6857 7969 1745 605 6427 435 980 1792 6609 9689 334 7072 7258 2617 8597 5790 6963 9647 8107 4719 5087 329 7137 6636 3478 4042 4682 3101 9296 9837
28 2368 90 1040 6155 5151 2126 3667 7751 3185 135 7328 3454 4992 1892 5299 4149 2975 7479 4253 3032 3626 5589 6260 6745 480 8986 8268 4275
30 7643 1893 108 6936 3150 8418 4231 3203 943 5366 7071 1206 7370 8020 5820 2185 7159 9295 1213 6691 1284 5684 2074 6769 3661 5344 5092 3062 8964 4300
27 9742 9887 7251 8833 8266 5348 402 4452 1193 790 1402 3778 3941 7757 14 56 478 1006 8340 6158 9849 8685 730 852 6189 6952 1154
29 7324 7918 9940 7161 1631 740 2774 1081 7190 7407 2120 92 4218 7058 9668 2753 5643 5614 8827 4879 3809 9775 6694 808 121 806 4197 4516 2507
28 4141 5557 8026 7449 5456 2358 1412 134 36 7765 3402 6454 6809 3034 2326 8276 5422 8230 2458 1438 7311 9167 8032 621 4680 1678 5410 647
24 2209 9662 498 1614 684 8746 5157 8460 1032 9983 2998 4294 947 9119 8196 8056 347 2180 7562 9335 1958 8776 2814 3436
28 2772 3929 4238 7752 9702 2914 4628 4828 8256 4864 7761 8505 1319 5854 8338 274 1977 5399 4499 9319 3526 9657 1811 399 6704 1601 7903 7417
29 9888 6152 928 7575 3292 5796 7915 5760 8641 7024 718 9908 9051 8826 4862 2077 5642 8158 285 5335 6880 4537 1311 6713 9143 617 4540 5044 7010
30 7937 5388 5324 3519 4219 906 9629 489 1342 194 4638 3392 4002 5200 3759 9796 3129 8029 9671 772 7826 5165 3413 9789 374 8810 4841 5513 4871 2980
29 8946 8504 5511 1772 4697 8381 3439 8154 8483 9067 7188 8248 3806 8621 4883 6180 9077 2133 2272 5923 3093 4563 9623 2294 856 4695 9971 1235 9914
